2025-09-24 17:11:48,183 [Worker-7: Loading available Gradle versions] INFO  o.e.b.c.i.u.g.PublishedGradleVersions - Gradle version information cache is not available. Remote download required.
2025-09-24 17:48:53,439 [Worker-7: Loading available Gradle versions] INFO  o.e.b.c.i.u.g.PublishedGradleVersions - Gradle version information cache is up-to-date. Trying to read.
2025-09-24 17:57:17,291 [Worker-23: Import Getting Started Content] INFO  o.e.m.c.i.l.LifecycleMappingFactory - Using org.eclipse.m2e.jdt.JarLifecycleMapping lifecycle mapping for MavenProject: com.klef.cicd:FARMERAPI-SPRINGBOOT:0.0.1-SNAPSHOT @ C:\3-1\JENKINS PRACTICE\JENKINS-FULLSTACK-PRACTICE\FARMERAPI-SPRINGBOOT\pom.xml.
2025-09-24 17:57:18,520 [Worker-23: Import Getting Started Content] INFO  o.e.m.j.i.AbstractJavaProjectConfigurator - Adding source folder /FARMERAPI-SPRINGBOOT/src/main/java
2025-09-24 17:57:18,522 [Worker-23: Import Getting Started Content] INFO  o.e.m.j.i.AbstractJavaProjectConfigurator - Adding resource folder /FARMERAPI-SPRINGBOOT/src/main/resources
2025-09-24 17:57:18,536 [Worker-23: Import Getting Started Content] INFO  o.e.m.j.i.AbstractJavaProjectConfigurator - Adding resource folder /FARMERAPI-SPRINGBOOT/src/main/resources
2025-09-24 17:57:18,549 [Worker-23: Import Getting Started Content] INFO  o.e.m.j.i.AbstractJavaProjectConfigurator - Adding source folder /FARMERAPI-SPRINGBOOT/src/test/java
2025-09-24 17:57:18,550 [Worker-23: Import Getting Started Content] INFO  o.e.m.j.i.AbstractJavaProjectConfigurator - Adding resource folder /FARMERAPI-SPRINGBOOT/src/test/resources
2025-09-24 17:57:19,433 [Worker-23: Import Getting Started Content] INFO  o.e.m.c.i.p.ProjectConfigurationManager - Imported and configured 1 project(s) in 3 sec
2025-09-24 17:57:19,438 [Worker-23: Import Getting Started Content] INFO  o.e.m.c.i.p.ProjectConfigurationManager - Update started
2025-09-24 17:57:20,173 [Worker-23: Import Getting Started Content] INFO  o.e.m.c.i.l.LifecycleMappingFactory - Using org.eclipse.m2e.jdt.JarLifecycleMapping lifecycle mapping for MavenProject: com.klef.cicd:FARMERAPI-SPRINGBOOT:0.0.1-SNAPSHOT @ C:\3-1\JENKINS PRACTICE\JENKINS-FULLSTACK-PRACTICE\FARMERAPI-SPRINGBOOT\pom.xml.
2025-09-24 17:57:21,056 [Worker-23: Import Getting Started Content] INFO  o.e.m.j.i.AbstractJavaProjectConfigurator - Adding source folder /FARMERAPI-SPRINGBOOT/src/main/java
2025-09-24 17:57:21,057 [Worker-23: Import Getting Started Content] INFO  o.e.m.j.i.AbstractJavaProjectConfigurator - Adding resource folder /FARMERAPI-SPRINGBOOT/src/main/resources
2025-09-24 17:57:21,058 [Worker-23: Import Getting Started Content] INFO  o.e.m.j.i.AbstractJavaProjectConfigurator - Adding resource folder /FARMERAPI-SPRINGBOOT/src/main/resources
2025-09-24 17:57:21,059 [Worker-23: Import Getting Started Content] INFO  o.e.m.j.i.AbstractJavaProjectConfigurator - Adding source folder /FARMERAPI-SPRINGBOOT/src/test/java
2025-09-24 17:57:21,060 [Worker-23: Import Getting Started Content] INFO  o.e.m.j.i.AbstractJavaProjectConfigurator - Adding resource folder /FARMERAPI-SPRINGBOOT/src/test/resources
2025-09-24 17:57:21,541 [Worker-23: Import Getting Started Content] INFO  o.e.m.c.i.p.ProjectConfigurationManager - Update completed for 1 poms: local refresh takes 0.00 sec, refresh facades takes 1.00 sec, update config takes 0.00 sec 
2025-09-24 17:57:22,446 [Worker-28: Building] INFO  o.a.m.s.f.DefaultMavenResourcesFiltering - Copying 1 resource from src\main\resources to target\classes
2025-09-24 17:57:22,486 [Worker-28: Building] INFO  o.a.m.s.f.DefaultMavenResourcesFiltering - Copying 0 resource from src\main\resources to target\classes
2025-09-24 17:57:22,495 [Worker-28: Building] INFO  o.a.m.s.f.DefaultMavenResourcesFiltering - skip non existing resourceDirectory C:\3-1\JENKINS PRACTICE\JENKINS-FULLSTACK-PRACTICE\FARMERAPI-SPRINGBOOT\src\test\resources
2025-09-24 17:59:59,477 [Worker-28: Updating Maven Project] INFO  o.e.m.c.i.p.ProjectConfigurationManager - Update started
2025-09-24 17:59:59,920 [Worker-28: Updating Maven Project] INFO  o.e.m.c.i.l.LifecycleMappingFactory - Using org.eclipse.m2e.jdt.JarLifecycleMapping lifecycle mapping for MavenProject: com.klef.cicd:FARMERAPI-SPRINGBOOT:0.0.1-SNAPSHOT @ C:\3-1\JENKINS PRACTICE\JENKINS-FULLSTACK-PRACTICE\FARMERAPI-SPRINGBOOT\pom.xml.
2025-09-24 18:00:00,445 [Worker-28: Updating Maven Project] INFO  o.e.m.j.i.AbstractJavaProjectConfigurator - Adding source folder /FARMERAPI-SPRINGBOOT/src/main/java
2025-09-24 18:00:00,446 [Worker-28: Updating Maven Project] INFO  o.e.m.j.i.AbstractJavaProjectConfigurator - Adding resource folder /FARMERAPI-SPRINGBOOT/src/main/resources
2025-09-24 18:00:00,447 [Worker-28: Updating Maven Project] INFO  o.e.m.j.i.AbstractJavaProjectConfigurator - Adding resource folder /FARMERAPI-SPRINGBOOT/src/main/resources
2025-09-24 18:00:00,447 [Worker-28: Updating Maven Project] INFO  o.e.m.j.i.AbstractJavaProjectConfigurator - Adding source folder /FARMERAPI-SPRINGBOOT/src/test/java
2025-09-24 18:00:00,448 [Worker-28: Updating Maven Project] INFO  o.e.m.j.i.AbstractJavaProjectConfigurator - Adding resource folder /FARMERAPI-SPRINGBOOT/src/test/resources
2025-09-24 18:00:00,697 [Worker-28: Updating Maven Project] INFO  o.e.m.c.i.p.ProjectConfigurationManager - Update completed for 1 poms: local refresh takes 0.00 sec, refresh facades takes 0.00 sec, update config takes 0.00 sec 
2025-09-24 18:00:01,031 [Worker-27: Building] INFO  o.a.m.s.f.DefaultMavenResourcesFiltering - Copying 1 resource from src\main\resources to target\classes
2025-09-24 18:00:01,045 [Worker-27: Building] INFO  o.a.m.s.f.DefaultMavenResourcesFiltering - Copying 0 resource from src\main\resources to target\classes
2025-09-24 18:00:01,051 [Worker-27: Building] INFO  o.a.m.s.f.DefaultMavenResourcesFiltering - skip non existing resourceDirectory C:\3-1\JENKINS PRACTICE\JENKINS-FULLSTACK-PRACTICE\FARMERAPI-SPRINGBOOT\src\test\resources
2025-09-24 18:00:09,619 [Worker-25: Building] INFO  o.e.m.c.i.l.LifecycleMappingFactory - Using org.maven.ide.eclipse.wtp.WarLifecycleMapping lifecycle mapping for MavenProject: com.klef.cicd:FARMERAPI-SPRINGBOOT:0.0.1-SNAPSHOT @ C:\3-1\JENKINS PRACTICE\JENKINS-FULLSTACK-PRACTICE\FARMERAPI-SPRINGBOOT\pom.xml.
2025-09-24 18:00:10,594 [Worker-25: Building] INFO  o.a.m.s.f.DefaultMavenResourcesFiltering - Copying 0 resource from src\main\resources to target\classes
2025-09-24 18:00:10,596 [Worker-25: Building] INFO  o.a.m.s.f.DefaultMavenResourcesFiltering - Copying 0 resource from src\main\resources to target\classes
2025-09-24 18:00:10,601 [Worker-25: Building] INFO  o.a.m.s.f.DefaultMavenResourcesFiltering - skip non existing resourceDirectory C:\3-1\JENKINS PRACTICE\JENKINS-FULLSTACK-PRACTICE\FARMERAPI-SPRINGBOOT\src\test\resources
2025-09-24 18:00:10,607 [Worker-25: Building] INFO  o.e.m.w.i.f.ResourceFilteringBuildParticipant - Changed resources require a complete clean of filtered resources of FARMERAPI-SPRINGBOOT
2025-09-24 18:00:10,608 [Worker-25: Building] INFO  o.e.m.w.i.f.ResourceFilteringBuildParticipant - Executing resource filtering for FARMERAPI-SPRINGBOOT
2025-09-24 18:00:10,686 [Worker-26: Updating Maven Project] INFO  o.e.m.c.i.p.ProjectConfigurationManager - Update started
2025-09-24 18:00:11,237 [Worker-26: Updating Maven Project] INFO  o.e.m.c.i.l.LifecycleMappingFactory - Using org.maven.ide.eclipse.wtp.WarLifecycleMapping lifecycle mapping for MavenProject: com.klef.cicd:FARMERAPI-SPRINGBOOT:0.0.1-SNAPSHOT @ C:\3-1\JENKINS PRACTICE\JENKINS-FULLSTACK-PRACTICE\FARMERAPI-SPRINGBOOT\pom.xml.
2025-09-24 18:00:12,053 [Worker-26: Updating Maven Project] INFO  o.e.m.j.i.AbstractJavaProjectConfigurator - Adding source folder /FARMERAPI-SPRINGBOOT/src/main/java
2025-09-24 18:00:12,054 [Worker-26: Updating Maven Project] INFO  o.e.m.j.i.AbstractJavaProjectConfigurator - Adding resource folder /FARMERAPI-SPRINGBOOT/src/main/resources
2025-09-24 18:00:12,055 [Worker-26: Updating Maven Project] INFO  o.e.m.j.i.AbstractJavaProjectConfigurator - Adding resource folder /FARMERAPI-SPRINGBOOT/src/main/resources
2025-09-24 18:00:12,055 [Worker-26: Updating Maven Project] INFO  o.e.m.j.i.AbstractJavaProjectConfigurator - Adding source folder /FARMERAPI-SPRINGBOOT/src/test/java
2025-09-24 18:00:12,056 [Worker-26: Updating Maven Project] INFO  o.e.m.j.i.AbstractJavaProjectConfigurator - Adding resource folder /FARMERAPI-SPRINGBOOT/src/test/resources
2025-09-24 18:00:13,673 [Worker-26: Updating Maven Project] INFO  o.e.m.w.i.f.ResourceFilteringBuildParticipant - Cleaning filtered folder for FARMERAPI-SPRINGBOOT
2025-09-24 18:00:13,962 [Worker-26: Updating Maven Project] INFO  o.e.m.c.i.p.ProjectConfigurationManager - Update completed for 1 poms: local refresh takes 0.00 sec, refresh facades takes 1.00 sec, update config takes 1.00 sec 
2025-09-24 18:00:14,508 [Worker-26: Building] INFO  o.a.m.s.f.DefaultMavenResourcesFiltering - Copying 1 resource from src\main\resources to target\classes
2025-09-24 18:00:14,518 [Worker-26: Building] INFO  o.a.m.s.f.DefaultMavenResourcesFiltering - Copying 0 resource from src\main\resources to target\classes
2025-09-24 18:00:14,521 [Worker-26: Building] INFO  o.a.m.s.f.DefaultMavenResourcesFiltering - skip non existing resourceDirectory C:\3-1\JENKINS PRACTICE\JENKINS-FULLSTACK-PRACTICE\FARMERAPI-SPRINGBOOT\src\test\resources
2025-09-24 18:00:14,522 [Worker-26: Building] INFO  o.e.m.w.i.f.ResourceFilteringBuildParticipant - Changed resources require a complete clean of filtered resources of FARMERAPI-SPRINGBOOT
2025-09-24 18:00:14,522 [Worker-26: Building] INFO  o.e.m.w.i.f.ResourceFilteringBuildParticipant - Executing resource filtering for FARMERAPI-SPRINGBOOT
2025-09-24 18:00:23,407 [Worker-24: Updating Maven Project] INFO  o.e.m.c.i.p.ProjectConfigurationManager - Update started
2025-09-24 18:00:23,836 [Worker-24: Updating Maven Project] INFO  o.e.m.c.i.l.LifecycleMappingFactory - Using org.maven.ide.eclipse.wtp.WarLifecycleMapping lifecycle mapping for MavenProject: com.klef.cicd:FARMERAPI-SPRINGBOOT:0.0.1-SNAPSHOT @ C:\3-1\JENKINS PRACTICE\JENKINS-FULLSTACK-PRACTICE\FARMERAPI-SPRINGBOOT\pom.xml.
2025-09-24 18:00:24,322 [Worker-24: Updating Maven Project] INFO  o.e.m.j.i.AbstractJavaProjectConfigurator - Adding source folder /FARMERAPI-SPRINGBOOT/src/main/java
2025-09-24 18:00:24,322 [Worker-24: Updating Maven Project] INFO  o.e.m.j.i.AbstractJavaProjectConfigurator - Adding resource folder /FARMERAPI-SPRINGBOOT/src/main/resources
2025-09-24 18:00:24,323 [Worker-24: Updating Maven Project] INFO  o.e.m.j.i.AbstractJavaProjectConfigurator - Adding resource folder /FARMERAPI-SPRINGBOOT/src/main/resources
2025-09-24 18:00:24,323 [Worker-24: Updating Maven Project] INFO  o.e.m.j.i.AbstractJavaProjectConfigurator - Adding source folder /FARMERAPI-SPRINGBOOT/src/test/java
2025-09-24 18:00:24,324 [Worker-24: Updating Maven Project] INFO  o.e.m.j.i.AbstractJavaProjectConfigurator - Adding resource folder /FARMERAPI-SPRINGBOOT/src/test/resources
2025-09-24 18:00:24,844 [Worker-24: Updating Maven Project] INFO  o.e.m.w.i.f.ResourceFilteringBuildParticipant - Cleaning filtered folder for FARMERAPI-SPRINGBOOT
2025-09-24 18:00:24,866 [Worker-24: Updating Maven Project] INFO  o.e.m.c.i.p.ProjectConfigurationManager - Update completed for 1 poms: local refresh takes 0.00 sec, refresh facades takes 0.00 sec, update config takes 0.00 sec 
2025-09-24 18:00:25,190 [Worker-23: Building] INFO  o.a.m.s.f.DefaultMavenResourcesFiltering - Copying 1 resource from src\main\resources to target\classes
2025-09-24 18:00:25,206 [Worker-23: Building] INFO  o.a.m.s.f.DefaultMavenResourcesFiltering - Copying 0 resource from src\main\resources to target\classes
2025-09-24 18:00:25,210 [Worker-23: Building] INFO  o.a.m.s.f.DefaultMavenResourcesFiltering - skip non existing resourceDirectory C:\3-1\JENKINS PRACTICE\JENKINS-FULLSTACK-PRACTICE\FARMERAPI-SPRINGBOOT\src\test\resources
2025-09-24 18:00:25,210 [Worker-23: Building] INFO  o.e.m.w.i.f.ResourceFilteringBuildParticipant - Changed resources require a complete clean of filtered resources of FARMERAPI-SPRINGBOOT
2025-09-24 18:00:25,210 [Worker-23: Building] INFO  o.e.m.w.i.f.ResourceFilteringBuildParticipant - Executing resource filtering for FARMERAPI-SPRINGBOOT
2025-09-24 18:10:26,997 [Worker-28: Building] INFO  o.e.m.c.i.l.LifecycleMappingFactory - Using org.maven.ide.eclipse.wtp.WarLifecycleMapping lifecycle mapping for MavenProject: com.klef.cicd:FARMERAPI-SPRINGBOOT:0.0.1-SNAPSHOT @ C:\3-1\JENKINS PRACTICE\JENKINS-FULLSTACK-PRACTICE\FARMERAPI-SPRINGBOOT\pom.xml.
2025-09-24 18:10:27,618 [Worker-28: Building] INFO  o.a.m.s.f.DefaultMavenResourcesFiltering - Copying 0 resource from src\main\resources to target\classes
2025-09-24 18:10:27,619 [Worker-28: Building] INFO  o.a.m.s.f.DefaultMavenResourcesFiltering - Copying 0 resource from src\main\resources to target\classes
2025-09-24 18:10:27,621 [Worker-28: Building] INFO  o.a.m.s.f.DefaultMavenResourcesFiltering - skip non existing resourceDirectory C:\3-1\JENKINS PRACTICE\JENKINS-FULLSTACK-PRACTICE\FARMERAPI-SPRINGBOOT\src\test\resources
2025-09-24 18:10:27,622 [Worker-28: Building] INFO  o.e.m.w.i.f.ResourceFilteringBuildParticipant - Changed resources require a complete clean of filtered resources of FARMERAPI-SPRINGBOOT
2025-09-24 18:10:27,622 [Worker-28: Building] INFO  o.e.m.w.i.f.ResourceFilteringBuildParticipant - Executing resource filtering for FARMERAPI-SPRINGBOOT
2025-09-24 18:14:05,889 [Worker-12: Building] INFO  o.a.m.s.f.DefaultMavenResourcesFiltering - Copying 1 resource from src\main\resources to target\classes
2025-09-24 18:14:05,901 [Worker-12: Building] INFO  o.a.m.s.f.DefaultMavenResourcesFiltering - Copying 0 resource from src\main\resources to target\classes
2025-09-24 18:14:05,905 [Worker-12: Building] INFO  o.a.m.s.f.DefaultMavenResourcesFiltering - skip non existing resourceDirectory C:\3-1\JENKINS PRACTICE\JENKINS-FULLSTACK-PRACTICE\FARMERAPI-SPRINGBOOT\src\test\resources
2025-09-24 18:14:15,137 [Worker-35: Building] INFO  o.a.m.s.f.DefaultMavenResourcesFiltering - Copying 1 resource from src\main\resources to target\classes
2025-09-24 18:14:15,143 [Worker-35: Building] INFO  o.a.m.s.f.DefaultMavenResourcesFiltering - Copying 0 resource from src\main\resources to target\classes
2025-09-24 18:14:15,146 [Worker-35: Building] INFO  o.a.m.s.f.DefaultMavenResourcesFiltering - skip non existing resourceDirectory C:\3-1\JENKINS PRACTICE\JENKINS-FULLSTACK-PRACTICE\FARMERAPI-SPRINGBOOT\src\test\resources
2025-09-24 18:14:42,971 [Worker-12: Building] INFO  o.a.m.s.f.DefaultMavenResourcesFiltering - Copying 1 resource from src\main\resources to target\classes
2025-09-24 18:14:42,977 [Worker-12: Building] INFO  o.a.m.s.f.DefaultMavenResourcesFiltering - Copying 0 resource from src\main\resources to target\classes
2025-09-24 18:14:42,979 [Worker-12: Building] INFO  o.a.m.s.f.DefaultMavenResourcesFiltering - skip non existing resourceDirectory C:\3-1\JENKINS PRACTICE\JENKINS-FULLSTACK-PRACTICE\FARMERAPI-SPRINGBOOT\src\test\resources
2025-09-24 18:14:53,322 [Worker-33: Building] INFO  o.a.m.s.f.DefaultMavenResourcesFiltering - Copying 1 resource from src\main\resources to target\classes
2025-09-24 18:14:53,328 [Worker-33: Building] INFO  o.a.m.s.f.DefaultMavenResourcesFiltering - Copying 0 resource from src\main\resources to target\classes
2025-09-24 18:14:53,332 [Worker-33: Building] INFO  o.a.m.s.f.DefaultMavenResourcesFiltering - skip non existing resourceDirectory C:\3-1\JENKINS PRACTICE\JENKINS-FULLSTACK-PRACTICE\FARMERAPI-SPRINGBOOT\src\test\resources
2025-09-24 18:15:04,938 [Worker-28: Building] INFO  o.a.m.s.f.DefaultMavenResourcesFiltering - Copying 1 resource from src\main\resources to target\classes
2025-09-24 18:15:04,944 [Worker-28: Building] INFO  o.a.m.s.f.DefaultMavenResourcesFiltering - Copying 0 resource from src\main\resources to target\classes
2025-09-24 18:15:04,947 [Worker-28: Building] INFO  o.a.m.s.f.DefaultMavenResourcesFiltering - skip non existing resourceDirectory C:\3-1\JENKINS PRACTICE\JENKINS-FULLSTACK-PRACTICE\FARMERAPI-SPRINGBOOT\src\test\resources
2025-09-24 18:15:08,877 [Worker-33: Building] INFO  o.a.m.s.f.DefaultMavenResourcesFiltering - Copying 1 resource from src\main\resources to target\classes
2025-09-24 18:15:08,885 [Worker-33: Building] INFO  o.a.m.s.f.DefaultMavenResourcesFiltering - Copying 0 resource from src\main\resources to target\classes
2025-09-24 18:15:08,888 [Worker-33: Building] INFO  o.a.m.s.f.DefaultMavenResourcesFiltering - skip non existing resourceDirectory C:\3-1\JENKINS PRACTICE\JENKINS-FULLSTACK-PRACTICE\FARMERAPI-SPRINGBOOT\src\test\resources
2025-09-24 18:21:42,323 [Worker-41: Building] INFO  o.a.m.s.f.DefaultMavenResourcesFiltering - Copying 1 resource from src\main\resources to target\classes
2025-09-24 18:21:42,329 [Worker-41: Building] INFO  o.a.m.s.f.DefaultMavenResourcesFiltering - Copying 0 resource from src\main\resources to target\classes
2025-09-24 18:21:42,331 [Worker-41: Building] INFO  o.a.m.s.f.DefaultMavenResourcesFiltering - skip non existing resourceDirectory C:\3-1\JENKINS PRACTICE\JENKINS-FULLSTACK-PRACTICE\FARMERAPI-SPRINGBOOT\src\test\resources
2025-09-24 18:25:22,133 [Worker-39: Building] INFO  o.e.m.c.i.l.LifecycleMappingFactory - Using org.maven.ide.eclipse.wtp.WarLifecycleMapping lifecycle mapping for MavenProject: com.klef.cicd:FARMERAPI-SPRINGBOOT:0.0.1-SNAPSHOT @ C:\3-1\JENKINS PRACTICE\JENKINS-FULLSTACK-PRACTICE\FARMERAPI-SPRINGBOOT\pom.xml.
2025-09-24 18:25:22,847 [Worker-39: Building] INFO  o.a.m.s.f.DefaultMavenResourcesFiltering - Copying 0 resource from src\main\resources to target\classes
2025-09-24 18:25:22,848 [Worker-39: Building] INFO  o.a.m.s.f.DefaultMavenResourcesFiltering - Copying 0 resource from src\main\resources to target\classes
2025-09-24 18:25:22,851 [Worker-39: Building] INFO  o.a.m.s.f.DefaultMavenResourcesFiltering - skip non existing resourceDirectory C:\3-1\JENKINS PRACTICE\JENKINS-FULLSTACK-PRACTICE\FARMERAPI-SPRINGBOOT\src\test\resources
2025-09-24 18:25:22,851 [Worker-39: Building] INFO  o.e.m.w.i.f.ResourceFilteringBuildParticipant - Changed resources require a complete clean of filtered resources of FARMERAPI-SPRINGBOOT
2025-09-24 18:25:22,851 [Worker-39: Building] INFO  o.e.m.w.i.f.ResourceFilteringBuildParticipant - Executing resource filtering for FARMERAPI-SPRINGBOOT
2025-09-24 18:25:24,408 [Worker-50: Building] INFO  o.a.m.s.f.DefaultMavenResourcesFiltering - Copying 1 resource from src\main\resources to target\classes
2025-09-24 18:25:24,423 [Worker-50: Building] INFO  o.a.m.s.f.DefaultMavenResourcesFiltering - Copying 0 resource from src\main\resources to target\classes
2025-09-24 18:25:24,427 [Worker-50: Building] INFO  o.a.m.s.f.DefaultMavenResourcesFiltering - skip non existing resourceDirectory C:\3-1\JENKINS PRACTICE\JENKINS-FULLSTACK-PRACTICE\FARMERAPI-SPRINGBOOT\src\test\resources
2025-09-24 18:26:04,677 [Worker-54: Updating Maven Project] INFO  o.e.m.c.i.p.ProjectConfigurationManager - Update started
2025-09-24 18:26:05,063 [Worker-54: Updating Maven Project] INFO  o.e.m.c.i.l.LifecycleMappingFactory - Using org.maven.ide.eclipse.wtp.WarLifecycleMapping lifecycle mapping for MavenProject: com.klef.cicd:FARMERAPI-SPRINGBOOT:0.0.1-SNAPSHOT @ C:\3-1\JENKINS PRACTICE\JENKINS-FULLSTACK-PRACTICE\FARMERAPI-SPRINGBOOT\pom.xml.
2025-09-24 18:26:05,711 [Worker-54: Updating Maven Project] INFO  o.e.m.j.i.AbstractJavaProjectConfigurator - Adding source folder /FARMERAPI-SPRINGBOOT/src/main/java
2025-09-24 18:26:05,711 [Worker-54: Updating Maven Project] INFO  o.e.m.j.i.AbstractJavaProjectConfigurator - Adding resource folder /FARMERAPI-SPRINGBOOT/src/main/resources
2025-09-24 18:26:05,712 [Worker-54: Updating Maven Project] INFO  o.e.m.j.i.AbstractJavaProjectConfigurator - Adding resource folder /FARMERAPI-SPRINGBOOT/src/main/resources
2025-09-24 18:26:05,712 [Worker-54: Updating Maven Project] INFO  o.e.m.j.i.AbstractJavaProjectConfigurator - Adding source folder /FARMERAPI-SPRINGBOOT/src/test/java
2025-09-24 18:26:05,712 [Worker-54: Updating Maven Project] INFO  o.e.m.j.i.AbstractJavaProjectConfigurator - Adding resource folder /FARMERAPI-SPRINGBOOT/src/test/resources
2025-09-24 18:26:06,276 [Worker-54: Updating Maven Project] INFO  o.e.m.w.i.f.ResourceFilteringBuildParticipant - Cleaning filtered folder for FARMERAPI-SPRINGBOOT
2025-09-24 18:26:06,296 [Worker-54: Updating Maven Project] INFO  o.e.m.c.i.p.ProjectConfigurationManager - Update completed for 1 poms: local refresh takes 0.00 sec, refresh facades takes 1.00 sec, update config takes 0.00 sec 
2025-09-24 18:26:06,673 [Worker-59: Building] INFO  o.a.m.s.f.DefaultMavenResourcesFiltering - Copying 1 resource from src\main\resources to target\classes
2025-09-24 18:26:06,714 [Worker-59: Building] INFO  o.a.m.s.f.DefaultMavenResourcesFiltering - Copying 0 resource from src\main\resources to target\classes
2025-09-24 18:26:06,722 [Worker-59: Building] INFO  o.a.m.s.f.DefaultMavenResourcesFiltering - skip non existing resourceDirectory C:\3-1\JENKINS PRACTICE\JENKINS-FULLSTACK-PRACTICE\FARMERAPI-SPRINGBOOT\src\test\resources
2025-09-24 18:26:06,722 [Worker-59: Building] INFO  o.e.m.w.i.f.ResourceFilteringBuildParticipant - Changed resources require a complete clean of filtered resources of FARMERAPI-SPRINGBOOT
2025-09-24 18:26:06,722 [Worker-59: Building] INFO  o.e.m.w.i.f.ResourceFilteringBuildParticipant - Executing resource filtering for FARMERAPI-SPRINGBOOT
2025-09-24 18:27:01,887 [Worker-52: Building] INFO  o.a.m.s.f.DefaultMavenResourcesFiltering - Copying 1 resource from src\main\resources to target\classes
2025-09-24 18:27:01,892 [Worker-52: Building] INFO  o.a.m.s.f.DefaultMavenResourcesFiltering - Copying 0 resource from src\main\resources to target\classes
2025-09-24 18:27:01,895 [Worker-52: Building] INFO  o.a.m.s.f.DefaultMavenResourcesFiltering - skip non existing resourceDirectory C:\3-1\JENKINS PRACTICE\JENKINS-FULLSTACK-PRACTICE\FARMERAPI-SPRINGBOOT\src\test\resources
2025-09-24 18:28:45,070 [Worker-52: Building] INFO  o.a.m.s.f.DefaultMavenResourcesFiltering - Copying 1 resource from src\main\resources to target\classes
2025-09-24 18:28:45,075 [Worker-52: Building] INFO  o.a.m.s.f.DefaultMavenResourcesFiltering - Copying 0 resource from src\main\resources to target\classes
2025-09-24 18:28:45,077 [Worker-52: Building] INFO  o.a.m.s.f.DefaultMavenResourcesFiltering - skip non existing resourceDirectory C:\3-1\JENKINS PRACTICE\JENKINS-FULLSTACK-PRACTICE\FARMERAPI-SPRINGBOOT\src\test\resources
2025-09-24 18:29:23,759 [Worker-61: Building] INFO  o.a.m.s.f.DefaultMavenResourcesFiltering - Copying 1 resource from src\main\resources to target\classes
2025-09-24 18:29:23,762 [Worker-61: Building] INFO  o.a.m.s.f.DefaultMavenResourcesFiltering - Copying 0 resource from src\main\resources to target\classes
2025-09-24 18:29:23,764 [Worker-61: Building] INFO  o.a.m.s.f.DefaultMavenResourcesFiltering - skip non existing resourceDirectory C:\3-1\JENKINS PRACTICE\JENKINS-FULLSTACK-PRACTICE\FARMERAPI-SPRINGBOOT\src\test\resources
2025-09-24 18:29:26,693 [Worker-58: Building] INFO  o.a.m.s.f.DefaultMavenResourcesFiltering - Copying 1 resource from src\main\resources to target\classes
2025-09-24 18:29:26,697 [Worker-58: Building] INFO  o.a.m.s.f.DefaultMavenResourcesFiltering - Copying 0 resource from src\main\resources to target\classes
2025-09-24 18:29:26,699 [Worker-58: Building] INFO  o.a.m.s.f.DefaultMavenResourcesFiltering - skip non existing resourceDirectory C:\3-1\JENKINS PRACTICE\JENKINS-FULLSTACK-PRACTICE\FARMERAPI-SPRINGBOOT\src\test\resources
2025-09-24 18:30:52,853 [Worker-47: Building] INFO  o.a.m.s.f.DefaultMavenResourcesFiltering - Copying 1 resource from src\main\resources to target\classes
2025-09-24 18:30:52,857 [Worker-47: Building] INFO  o.a.m.s.f.DefaultMavenResourcesFiltering - Copying 0 resource from src\main\resources to target\classes
2025-09-24 18:30:52,859 [Worker-47: Building] INFO  o.a.m.s.f.DefaultMavenResourcesFiltering - skip non existing resourceDirectory C:\3-1\JENKINS PRACTICE\JENKINS-FULLSTACK-PRACTICE\FARMERAPI-SPRINGBOOT\src\test\resources
2025-09-24 18:30:55,243 [Worker-50: Building] INFO  o.a.m.s.f.DefaultMavenResourcesFiltering - Copying 1 resource from src\main\resources to target\classes
2025-09-24 18:30:55,246 [Worker-50: Building] INFO  o.a.m.s.f.DefaultMavenResourcesFiltering - Copying 0 resource from src\main\resources to target\classes
2025-09-24 18:30:55,249 [Worker-50: Building] INFO  o.a.m.s.f.DefaultMavenResourcesFiltering - skip non existing resourceDirectory C:\3-1\JENKINS PRACTICE\JENKINS-FULLSTACK-PRACTICE\FARMERAPI-SPRINGBOOT\src\test\resources
2025-09-24 18:32:03,424 [Worker-53: Building] INFO  o.a.m.s.f.DefaultMavenResourcesFiltering - Copying 1 resource from src\main\resources to target\classes
2025-09-24 18:32:03,431 [Worker-53: Building] INFO  o.a.m.s.f.DefaultMavenResourcesFiltering - Copying 0 resource from src\main\resources to target\classes
2025-09-24 18:32:03,433 [Worker-53: Building] INFO  o.a.m.s.f.DefaultMavenResourcesFiltering - skip non existing resourceDirectory C:\3-1\JENKINS PRACTICE\JENKINS-FULLSTACK-PRACTICE\FARMERAPI-SPRINGBOOT\src\test\resources
2025-09-24 18:32:06,482 [Worker-61: Building] INFO  o.a.m.s.f.DefaultMavenResourcesFiltering - Copying 1 resource from src\main\resources to target\classes
2025-09-24 18:32:06,488 [Worker-61: Building] INFO  o.a.m.s.f.DefaultMavenResourcesFiltering - Copying 0 resource from src\main\resources to target\classes
2025-09-24 18:32:06,490 [Worker-61: Building] INFO  o.a.m.s.f.DefaultMavenResourcesFiltering - skip non existing resourceDirectory C:\3-1\JENKINS PRACTICE\JENKINS-FULLSTACK-PRACTICE\FARMERAPI-SPRINGBOOT\src\test\resources
2025-09-24 18:32:11,740 [Worker-58: Building] INFO  o.a.m.s.f.DefaultMavenResourcesFiltering - Copying 1 resource from src\main\resources to target\classes
2025-09-24 18:32:11,746 [Worker-58: Building] INFO  o.a.m.s.f.DefaultMavenResourcesFiltering - Copying 0 resource from src\main\resources to target\classes
2025-09-24 18:32:11,748 [Worker-58: Building] INFO  o.a.m.s.f.DefaultMavenResourcesFiltering - skip non existing resourceDirectory C:\3-1\JENKINS PRACTICE\JENKINS-FULLSTACK-PRACTICE\FARMERAPI-SPRINGBOOT\src\test\resources
2025-09-24 18:32:19,428 [Worker-56: Building] INFO  o.a.m.s.f.DefaultMavenResourcesFiltering - Copying 1 resource from src\main\resources to target\classes
2025-09-24 18:32:19,435 [Worker-56: Building] INFO  o.a.m.s.f.DefaultMavenResourcesFiltering - Copying 0 resource from src\main\resources to target\classes
2025-09-24 18:32:19,437 [Worker-56: Building] INFO  o.a.m.s.f.DefaultMavenResourcesFiltering - skip non existing resourceDirectory C:\3-1\JENKINS PRACTICE\JENKINS-FULLSTACK-PRACTICE\FARMERAPI-SPRINGBOOT\src\test\resources
2025-09-24 18:34:29,508 [Worker-44: Building] INFO  o.a.m.s.f.DefaultMavenResourcesFiltering - Copying 1 resource from src\main\resources to target\classes
2025-09-24 18:34:29,512 [Worker-44: Building] INFO  o.a.m.s.f.DefaultMavenResourcesFiltering - Copying 0 resource from src\main\resources to target\classes
2025-09-24 18:34:29,515 [Worker-44: Building] INFO  o.a.m.s.f.DefaultMavenResourcesFiltering - skip non existing resourceDirectory C:\3-1\JENKINS PRACTICE\JENKINS-FULLSTACK-PRACTICE\FARMERAPI-SPRINGBOOT\src\test\resources
